==========================================
 
See documentation/faq.html and documentation/bugreporting.html
for help with installation problems.  Please send EVERYTHING
printed out below when reporting problems.  Please check the
mailing list archives and consider subscribing.
 
  http://www.mcs.anl.gov/petsc/miscellaneous/mailing-lists.html
 
==========================================
Starting make run on yyl at 월, 08 3월 2021 13:18:48 +0900
Machine characteristics: Linux yyl 5.8.0-41-generic #46~20.04.1-Ubuntu SMP Mon Jan 18 17:52:23 UTC 2021 x86_64 x86_64 x86_64 GNU/Linux
-----------------------------------------
Using PETSc directory: /home/yyl/petsc
Using PETSc arch: arch-linux-c-debug
-----------------------------------------
PETSC_VERSION_RELEASE    1
PETSC_VERSION_MAJOR      3
PETSC_VERSION_MINOR      14
PETSC_VERSION_SUBMINOR   3
PETSC_VERSION_PATCH      0
PETSC_VERSION_DATE       "unknown"
PETSC_VERSION_GIT        "unknown"
PETSC_VERSION_DATE_GIT   "unknown"
PETSC_VERSION_EQ(MAJOR,MINOR,SUBMINOR) \
PETSC_VERSION_ PETSC_VERSION_EQ
PETSC_VERSION_LT(MAJOR,MINOR,SUBMINOR)          \
PETSC_VERSION_LE(MAJOR,MINOR,SUBMINOR) \
PETSC_VERSION_GT(MAJOR,MINOR,SUBMINOR) \
PETSC_VERSION_GE(MAJOR,MINOR,SUBMINOR) \
-----------------------------------------
Using configure Options: --with-cc=mpiicc --with-cxx=mpiicpc --with-fc=mpiifort
Using configuration flags:
#define INCLUDED_PETSCCONF_H
#define PETSC_ARCH "arch-linux-c-debug"
#define PETSC_ATTRIBUTEALIGNED(size) __attribute((aligned(size)))
#define PETSC_Alignx(a,b)   
#define PETSC_BLASLAPACK_UNDERSCORE 1
#define PETSC_CLANGUAGE_C 1
#define PETSC_CXX_INLINE inline
#define PETSC_CXX_RESTRICT __restrict
#define PETSC_C_INLINE inline
#define PETSC_C_RESTRICT __restrict
#define PETSC_DEPRECATED_ENUM(why)  
#define PETSC_DEPRECATED_FUNCTION(why) __attribute((deprecated))
#define PETSC_DEPRECATED_MACRO(why) _Pragma(why)
#define PETSC_DEPRECATED_TYPEDEF(why) __attribute((deprecated))
#define PETSC_DIR "/home/yyl/petsc"
#define PETSC_DIR_SEPARATOR '/'
#define PETSC_FORTRAN_CHARLEN_T int
#define PETSC_FORTRAN_TYPE_INITIALIZE  = -2
#define PETSC_FUNCTION_NAME_C __func__
#define PETSC_FUNCTION_NAME_CXX __func__
#define PETSC_GMSH_EXE "/usr/bin/gmsh"
#define PETSC_HAVE_ACCESS 1
#define PETSC_HAVE_ATOLL 1
#define PETSC_HAVE_ATTRIBUTEALIGNED 1
#define PETSC_HAVE_BUILTIN_EXPECT 1
#define PETSC_HAVE_BZERO 1
#define PETSC_HAVE_C99_COMPLEX 1
#define PETSC_HAVE_CLOCK 1
#define PETSC_HAVE_CXX 1
#define PETSC_HAVE_CXX_COMPLEX 1
#define PETSC_HAVE_CXX_DIALECT_CXX11 1
#define PETSC_HAVE_CXX_DIALECT_CXX14 1
#define PETSC_HAVE_DLCLOSE 1
#define PETSC_HAVE_DLERROR 1
#define PETSC_HAVE_DLFCN_H 1
#define PETSC_HAVE_DLOPEN 1
#define PETSC_HAVE_DLSYM 1
#define PETSC_HAVE_DOUBLE_ALIGN_MALLOC 1
#define PETSC_HAVE_DRAND48 1
#define PETSC_HAVE_DYNAMIC_LIBRARIES 1
#define PETSC_HAVE_ERF 1
#define PETSC_HAVE_FCNTL_H 1
#define PETSC_HAVE_FENV_H 1
#define PETSC_HAVE_FLOAT_H 1
#define PETSC_HAVE_FORK 1
#define PETSC_HAVE_FORTRAN 1
#define PETSC_HAVE_FORTRAN_FLUSH 1
#define PETSC_HAVE_FORTRAN_GET_COMMAND_ARGUMENT 1
#define PETSC_HAVE_FORTRAN_TYPE_STAR 1
#define PETSC_HAVE_FORTRAN_UNDERSCORE 1
#define PETSC_HAVE_GETCWD 1
#define PETSC_HAVE_GETDOMAINNAME 1
#define PETSC_HAVE_GETHOSTBYNAME 1
#define PETSC_HAVE_GETHOSTNAME 1
#define PETSC_HAVE_GETPAGESIZE 1
#define PETSC_HAVE_GETRUSAGE 1
#define PETSC_HAVE_GETWD 1
#define PETSC_HAVE_IMMINTRIN_H 1
#define PETSC_HAVE_INTTYPES_H 1
#define PETSC_HAVE_ISINF 1
#define PETSC_HAVE_ISNAN 1
#define PETSC_HAVE_ISNORMAL 1
#define PETSC_HAVE_I_MPI_NUMVERSION 20210100300
#define PETSC_HAVE_LGAMMA 1
#define PETSC_HAVE_LOG2 1
#define PETSC_HAVE_LSEEK 1
#define PETSC_HAVE_MALLOC_H 1
#define PETSC_HAVE_MEMALIGN 1
#define PETSC_HAVE_MEMMOVE 1
#define PETSC_HAVE_MMAP 1
#define PETSC_HAVE_MPICH_NUMVERSION 30300300
#define PETSC_HAVE_MPIIO 1
#define PETSC_HAVE_MPI_COMBINER_CONTIGUOUS 1
#define PETSC_HAVE_MPI_COMBINER_DUP 1
#define PETSC_HAVE_MPI_COMBINER_NAMED 1
#define PETSC_HAVE_MPI_C_DOUBLE_COMPLEX 1
#define PETSC_HAVE_MPI_EXSCAN 1
#define PETSC_HAVE_MPI_F90MODULE 1
#define PETSC_HAVE_MPI_FINALIZED 1
#define PETSC_HAVE_MPI_GET_ACCUMULATE 1
#define PETSC_HAVE_MPI_GET_LIBRARY_VERSION 1
#define PETSC_HAVE_MPI_IALLREDUCE 1
#define PETSC_HAVE_MPI_IBARRIER 1
#define PETSC_HAVE_MPI_INIT_THREAD 1
#define PETSC_HAVE_MPI_INT64_T 1
#define PETSC_HAVE_MPI_IN_PLACE 1
#define PETSC_HAVE_MPI_LONG_DOUBLE 1
#define PETSC_HAVE_MPI_NEIGHBORHOOD_COLLECTIVES 1
#define PETSC_HAVE_MPI_NONBLOCKING_COLLECTIVES 1
#define PETSC_HAVE_MPI_ONE_SIDED 1
#define PETSC_HAVE_MPI_PROCESS_SHARED_MEMORY 1
#define PETSC_HAVE_MPI_REDUCE_LOCAL 1
#define PETSC_HAVE_MPI_REDUCE_SCATTER 1
#define PETSC_HAVE_MPI_REDUCE_SCATTER_BLOCK 1
#define PETSC_HAVE_MPI_RGET 1
#define PETSC_HAVE_MPI_TYPE_DUP 1
#define PETSC_HAVE_MPI_TYPE_GET_ENVELOPE 1
#define PETSC_HAVE_MPI_WIN_CREATE 1
#define PETSC_HAVE_NANOSLEEP 1
#define PETSC_HAVE_NETDB_H 1
#define PETSC_HAVE_NETINET_IN_H 1
#define PETSC_HAVE_POPEN 1
#define PETSC_HAVE_PTHREAD 1
#define PETSC_HAVE_PTHREAD_BARRIER_T 1
#define PETSC_HAVE_PTHREAD_H 1
#define PETSC_HAVE_PWD_H 1
#define PETSC_HAVE_RAND 1
#define PETSC_HAVE_READLINK 1
#define PETSC_HAVE_REALPATH 1
#define PETSC_HAVE_REAL___FLOAT128 1
#define PETSC_HAVE_REGEX 1
#define PETSC_HAVE_RTLD_GLOBAL 1
#define PETSC_HAVE_RTLD_LAZY 1
#define PETSC_HAVE_RTLD_LOCAL 1
#define PETSC_HAVE_RTLD_NOW 1
#define PETSC_HAVE_SCHED_CPU_SET_T 1
#define PETSC_HAVE_SETJMP_H 1
#define PETSC_HAVE_SLEEP 1
#define PETSC_HAVE_SNPRINTF 1
#define PETSC_HAVE_SOCKET 1
#define PETSC_HAVE_SOWING 1
#define PETSC_HAVE_SO_REUSEADDR 1
#define PETSC_HAVE_STDINT_H 1
#define PETSC_HAVE_STRCASECMP 1
#define PETSC_HAVE_STRINGS_H 1
#define PETSC_HAVE_STRUCT_SIGACTION 1
#define PETSC_HAVE_SYSINFO 1
#define PETSC_HAVE_SYS_PARAM_H 1
#define PETSC_HAVE_SYS_PROCFS_H 1
#define PETSC_HAVE_SYS_RESOURCE_H 1
#define PETSC_HAVE_SYS_SOCKET_H 1
#define PETSC_HAVE_SYS_SYSINFO_H 1
#define PETSC_HAVE_SYS_TIMES_H 1
#define PETSC_HAVE_SYS_TIME_H 1
#define PETSC_HAVE_SYS_TYPES_H 1
#define PETSC_HAVE_SYS_UTSNAME_H 1
#define PETSC_HAVE_SYS_WAIT_H 1
#define PETSC_HAVE_TGAMMA 1
#define PETSC_HAVE_TIME 1
#define PETSC_HAVE_TIME_H 1
#define PETSC_HAVE_UNAME 1
#define PETSC_HAVE_UNISTD_H 1
#define PETSC_HAVE_USLEEP 1
#define PETSC_HAVE_VALGRIND 1
#define PETSC_HAVE_VA_COPY 1
#define PETSC_HAVE_VSNPRINTF 1
#define PETSC_HAVE_X 1
#define PETSC_HAVE_XMMINTRIN_H 1
#define PETSC_HAVE___INT64 1
#define PETSC_IS_COLORING_MAX USHRT_MAX
#define PETSC_IS_COLORING_VALUE_TYPE short
#define PETSC_IS_COLORING_VALUE_TYPE_F integer2
#define PETSC_LEVEL1_DCACHE_LINESIZE 64
#define PETSC_LIB_DIR "/home/yyl/petsc/arch-linux-c-debug/lib"
#define PETSC_MAX_PATH_LEN 4096
#define PETSC_MEMALIGN 16
#define PETSC_MPICC_SHOW "icc -I'/opt/intel/oneapi/mpi/2021.1.1/include' -L'/opt/intel/oneapi/mpi/2021.1.1/lib/release' -L'/opt/intel/oneapi/mpi/2021.1.1/lib' -Xlinker --enable-new-dtags -Xlinker -rpath -Xlinker '/opt/intel/oneapi/mpi/2021.1.1/lib/release' -Xlinker -rpath -Xlinker '/opt/intel/oneapi/mpi/2021.1.1/lib' -lmpifort -lmpi -ldl -lrt -lpthread"
#define PETSC_MPIU_IS_COLORING_VALUE_TYPE MPI_UNSIGNED_SHORT
#define PETSC_PREFETCH_HINT_NTA _MM_HINT_NTA
#define PETSC_PREFETCH_HINT_T0 _MM_HINT_T0
#define PETSC_PREFETCH_HINT_T1 _MM_HINT_T1
#define PETSC_PREFETCH_HINT_T2 _MM_HINT_T2
#define PETSC_PYTHON_EXE "/usr/bin/python3"
#define PETSC_Prefetch(a,b,c) _mm_prefetch((const char*)(a),(c))
#define PETSC_REPLACE_DIR_SEPARATOR '\\'
#define PETSC_SIGNAL_CAST  
#define PETSC_SIZEOF_ENUM 4
#define PETSC_SIZEOF_INT 4
#define PETSC_SIZEOF_LONG 8
#define PETSC_SIZEOF_LONG_LONG 8
#define PETSC_SIZEOF_SHORT 2
#define PETSC_SIZEOF_SIZE_T 8
#define PETSC_SIZEOF_VOID_P 8
#define PETSC_SLSUFFIX "so"
#define PETSC_UINTPTR_T uintptr_t
#define PETSC_UNUSED __attribute((unused))
#define PETSC_USE_AVX512_KERNELS 1
#define PETSC_USE_BACKWARD_LOOP 1
#define PETSC_USE_CTABLE 1
#define PETSC_USE_DEBUG 1
#define PETSC_USE_DEBUGGER "gdb"
#define PETSC_USE_INFO 1
#define PETSC_USE_ISATTY 1
#define PETSC_USE_LOG 1
#define PETSC_USE_PROC_FOR_SIZE 1
#define PETSC_USE_REAL_DOUBLE 1
#define PETSC_USE_SHARED_LIBRARIES 1
#define PETSC_USE_SINGLE_LIBRARY 1
#define PETSC_USE_SOCKET_VIEWER 1
#define PETSC_USE_VISIBILITY_C 1
#define PETSC_USE_VISIBILITY_CXX 1
#define PETSC_USING_F2003 1
#define PETSC_USING_F90FREEFORM 1
#define PETSC_VERSION_BRANCH_GIT "release"
#define PETSC_VERSION_DATE_GIT "2021-01-28 22:09:33 +0000"
#define PETSC_VERSION_GIT "v3.14.3-49-gc66ed4911f"
#define PETSC__BSD_SOURCE 1
#define PETSC__DEFAULT_SOURCE 1
#define PETSC__GNU_SOURCE 1
-----------------------------------------
Using C compile: mpiicc -o .o -c -fPIC -g    
mpicc -show: icc -I'/opt/intel/oneapi/mpi/2021.1.1/include' -L'/opt/intel/oneapi/mpi/2021.1.1/lib/release' -L'/opt/intel/oneapi/mpi/2021.1.1/lib' -Xlinker --enable-new-dtags -Xlinker -rpath -Xlinker '/opt/intel/oneapi/mpi/2021.1.1/lib/release' -Xlinker -rpath -Xlinker '/opt/intel/oneapi/mpi/2021.1.1/lib' -lmpifort -lmpi -ldl -lrt -lpthread
C compiler version: icc (ICC) 2021.1 Beta 20201112
Using C++ compile: mpiicpc -o .o -c -g  -fPIC    -I/home/yyl/petsc/include -I/home/yyl/petsc/arch-linux-c-debug/include   
mpicxx -show: icpc -I'/opt/intel/oneapi/mpi/2021.1.1/include' -L'/opt/intel/oneapi/mpi/2021.1.1/lib/release' -L'/opt/intel/oneapi/mpi/2021.1.1/lib' -Xlinker --enable-new-dtags -Xlinker -rpath -Xlinker '/opt/intel/oneapi/mpi/2021.1.1/lib/release' -Xlinker -rpath -Xlinker '/opt/intel/oneapi/mpi/2021.1.1/lib' -lmpicxx -lmpifort -lmpi -ldl -lrt -lpthread
C++ compiler version: icpc (ICC) 2021.1 Beta 20201112
Using Fortran compile: mpiifort -o .o -c -fPIC -g    -I/home/yyl/petsc/include -I/home/yyl/petsc/arch-linux-c-debug/include   
mpif90 -show: ifort -I'/opt/intel/oneapi/mpi/2021.1.1//include' -I'/opt/intel/oneapi/mpi/2021.1.1/include' -L'/opt/intel/oneapi/mpi/2021.1.1/lib/release' -L'/opt/intel/oneapi/mpi/2021.1.1/lib' -Xlinker --enable-new-dtags -Xlinker -rpath -Xlinker '/opt/intel/oneapi/mpi/2021.1.1/lib/release' -Xlinker -rpath -Xlinker '/opt/intel/oneapi/mpi/2021.1.1/lib' -lmpifort -lmpi -ldl -lrt -lpthread
Fortran compiler version: ifort (IFORT) 2021.1 Beta 20201112
-----------------------------------------
Using C/C++ linker: mpiicc
Using C/C++ flags: -fPIC -g
Using Fortran linker: mpiifort
Using Fortran flags: -fPIC -g 
-----------------------------------------
Using system modules: 
Using mpi.h: # 1 "/opt/intel/oneapi/mpi/2021.1.1/include/mpi.h" 1
-----------------------------------------
Using libraries: -Wl,-rpath,/home/yyl/petsc/arch-linux-c-debug/lib -L/home/yyl/petsc/arch-linux-c-debug/lib -Wl,-rpath,/opt/intel/oneapi/mpi/2021.1.1/lib/release -L/opt/intel/oneapi/mpi/2021.1.1/lib/release -Wl,-rpath,/opt/intel/oneapi/mpi/2021.1.1/lib -L/opt/intel/oneapi/mpi/2021.1.1/lib -Wl,-rpath,/opt/intel/oneapi/clck/2021.1.1/lib/intel64 -L/opt/intel/oneapi/clck/2021.1.1/lib/intel64 -Wl,-rpath,/opt/intel/oneapi/tbb/2021.1.1/lib/intel64/gcc4.8 -L/opt/intel/oneapi/tbb/2021.1.1/lib/intel64/gcc4.8 -Wl,-rpath,/opt/intel/oneapi/mpi/2021.1.1/libfabric/lib -L/opt/intel/oneapi/mpi/2021.1.1/libfabric/lib -Wl,-rpath,/opt/intel/oneapi/compiler/2021.1.1/linux/compiler/lib/intel64_lin -L/opt/intel/oneapi/compiler/2021.1.1/linux/compiler/lib/intel64_lin -Wl,-rpath,/opt/intel/oneapi/compiler/2021.1.1/linux/lib -L/opt/intel/oneapi/compiler/2021.1.1/linux/lib -Wl,-rpath,/usr/lib/gcc/x86_64-linux-gnu/9 -L/usr/lib/gcc/x86_64-linux-gnu/9 -Wl,-rpath,/usr/lib/x86_64-linux-gnu -L/usr/lib/x86_64-linux-gnu -Wl,-rpath,/lib/x86_64-linux-gnu -L/lib/x86_64-linux-gnu -lpetsc -llapack -lblas -lX11 -lstdc++ -ldl -lmpifort -lmpi -lrt -lpthread -lifport -lifcoremt_pic -limf -lsvml -lm -lipgo -lirc -lgcc_s -lirc_s -lquadmath -lstdc++ -ldl
------------------------------------------
Using mpiexec: mpiexec
------------------------------------------
Using MAKE: /usr/bin/make
Using MAKEFLAGS: -j7 -l12.0  --no-print-directory -- PETSC_DIR=/home/yyl/petsc PETSC_ARCH=arch-linux-c-debug
==========================================
make[3]: 'libs'을(를) 위해 할 일이 없습니다.
=========================================
Now to check if the libraries are working do:
make PETSC_DIR=/home/yyl/petsc PETSC_ARCH=arch-linux-c-debug check
=========================================
Finishing make run at 월, 08  3월 2021 13:18:48 +0900
